<?xml version="1.0" encoding="UTF-8"?>
<testsuite name="is.ru.tictactoe.TicTacToeTest" tests="3" skipped="0" failures="0" errors="0" timestamp="2017-10-28T13:17:43" hostname="clients-pool-1.nat.ru.is" time="0.003">
  <properties/>
  <testcase name="testCheckInitial" classname="is.ru.tictactoe.TicTacToeTest" time="0.002"/>
  <testcase name="testMarkSpace" classname="is.ru.tictactoe.TicTacToeTest" time="0.0"/>
  <testcase name="testMarkSpaceInvalidIndex" classname="is.ru.tictactoe.TicTacToeTest" time="0.0"/>
  <system-out><![CDATA[]]></system-out>
  <system-err><![CDATA[]]></system-err>
</testsuite>
